# JRE version: OpenJDK Runtime Environment Temurin-17.0.10+7 (17.0.10+7) (build 17.0.10+7)
# Java VM: OpenJDK 64-Bit Server VM Temurin-17.0.10+7 (17.0.10+7, mixed mode, emulated-client, tiered, compressed oops, compressed class ptrs, g1 gc, windows-amd64)
GC Precious Log:
 CPUs: 16 total, 16 available
 Memory: 7598M
 Large Page Support: Disabled
 NUMA Support: Disabled
 Compressed Oops: Enabled (32-bit)
 Heap Region Size: 1M
 Heap Min Capacity: 8M
 Heap Initial Capacity: 120M
 Heap Max Capacity: 1G
 Pre-touch: Disabled
 Parallel Workers: 13
 Concurrent Workers: 3
 Concurrent Refinement Workers: 13
 Periodic GC: Disabled
Heap:
 garbage-first heap   total 109568K, used 33657K [0x00000000c0000000, 0x0000000100000000)
  region size 1024K, 2 young (2048K), 0 survivors (0K)
 Metaspace       used 58415K, committed 59072K, reserved 1114112K
  class space    used 7245K, committed 7488K, reserved 1048576K
GC Heap History (20 events):
Event: 1080.734 GC heap before
{Heap before GC invocations=107 (full 95):
 garbage-first heap   total 109568K, used 32674K [0x00000000c0000000, 0x0000000100000000)
  region size 1024K, 1 young (1024K), 0 survivors (0K)
 Metaspace       used 58352K, committed 59072K, reserved 1114112K
  class space    used 7231K, committed 7488K, reserved 1048576K
}
Event: 1080.771 GC heap after
{Heap after GC invocations=108 (full 96):
 garbage-first heap   total 109568K, used 32674K [0x00000000c0000000, 0x0000000100000000)
  region size 1024K, 0 young (0K), 0 survivors (0K)
 Metaspace       used 58352K, committed 59072K, reserved 1114112K
  class space    used 7231K, committed 7488K, reserved 1048576K
}
Event: 1091.184 GC heap before
{Heap before GC invocations=108 (full 96):
 garbage-first heap   total 109568K, used 32674K [0x00000000c0000000, 0x0000000100000000)
  region size 1024K, 1 young (1024K), 0 survivors (0K)
 Metaspace       used 58352K, committed 59072K, reserved 1114112K
  class space    used 7231K, committed 7488K, reserved 1048576K
}
Event: 1091.250 GC heap after
{Heap after GC invocations=109 (full 97):
 garbage-first heap   total 109568K, used 32674K [0x00000000c0000000, 0x0000000100000000)
  region size 1024K, 0 young (0K), 0 survivors (0K)
 Metaspace       used 58352K, committed 59072K, reserved 1114112K
  class space    used 7231K, committed 7488K, reserved 1048576K
}
Event: 1101.693 GC heap before
{Heap before GC invocations=109 (full 97):
 garbage-first heap   total 109568K, used 32674K [0x00000000c0000000, 0x0000000100000000)
  region size 1024K, 1 young (1024K), 0 survivors (0K)
 Metaspace       used 58352K, committed 59072K, reserved 1114112K
  class space    used 7231K, committed 7488K, reserved 1048576K
}
Event: 1101.751 GC heap after
{Heap after GC invocations=110 (full 98):
 garbage-first heap   total 109568K, used 32674K [0x00000000c0000000, 0x0000000100000000)
  region size 1024K, 0 young (0K), 0 survivors (0K)
 Metaspace       used 58352K, committed 59072K, reserved 1114112K
  class space    used 7231K, committed 7488K, reserved 1048576K
}
Event: 1112.050 GC heap before
{Heap before GC invocations=110 (full 98):
 garbage-first heap   total 109568K, used 32674K [0x00000000c0000000, 0x0000000100000000)
  region size 1024K, 1 young (1024K), 0 survivors (0K)
 Metaspace       used 58352K, committed 59072K, reserved 1114112K
  class space    used 7231K, committed 7488K, reserved 1048576K
}
Event: 1112.091 GC heap after
{Heap after GC invocations=111 (full 99):
 garbage-first heap   total 109568K, used 32674K [0x00000000c0000000, 0x0000000100000000)
  region size 1024K, 0 young (0K), 0 survivors (0K)
 Metaspace       used 58352K, committed 59072K, reserved 1114112K
  class space    used 7231K, committed 7488K, reserved 1048576K
}
Event: 1122.512 GC heap before
{Heap before GC invocations=111 (full 99):
 garbage-first heap   total 109568K, used 32674K [0x00000000c0000000, 0x0000000100000000)
  region size 1024K, 1 young (1024K), 0 survivors (0K)
 Metaspace       used 58352K, committed 59072K, reserved 1114112K
  class space    used 7231K, committed 7488K, reserved 1048576K
}
Event: 1122.556 GC heap after
{Heap after GC invocations=112 (full 100):
 garbage-first heap   total 109568K, used 32674K [0x00000000c0000000, 0x0000000100000000)
  region size 1024K, 0 young (0K), 0 survivors (0K)
 Metaspace       used 58352K, committed 59072K, reserved 1114112K
  class space    used 7231K, committed 7488K, reserved 1048576K
}
Event: 1133.180 GC heap before
{Heap before GC invocations=112 (full 100):
 garbage-first heap   total 109568K, used 32674K [0x00000000c0000000, 0x0000000100000000)
  region size 1024K, 1 young (1024K), 0 survivors (0K)
 Metaspace       used 58352K, committed 59072K, reserved 1114112K
  class space    used 7231K, committed 7488K, reserved 1048576K
}
Event: 1133.240 GC heap after
{Heap after GC invocations=113 (full 101):
 garbage-first heap   total 109568K, used 32674K [0x00000000c0000000, 0x0000000100000000)
  region size 1024K, 0 young (0K), 0 survivors (0K)
 Metaspace       used 58352K, committed 59072K, reserved 1114112K
  class space    used 7231K, committed 7488K, reserved 1048576K
}
Event: 1143.523 GC heap before
{Heap before GC invocations=113 (full 101):
 garbage-first heap   total 109568K, used 32674K [0x00000000c0000000, 0x0000000100000000)
  region size 1024K, 1 young (1024K), 0 survivors (0K)
 Metaspace       used 58352K, committed 59072K, reserved 1114112K
  class space    used 7231K, committed 7488K, reserved 1048576K
}
Event: 1143.557 GC heap after
{Heap after GC invocations=114 (full 102):
 garbage-first heap   total 109568K, used 32674K [0x00000000c0000000, 0x0000000100000000)
  region size 1024K, 0 young (0K), 0 survivors (0K)
 Metaspace       used 58352K, committed 59072K, reserved 1114112K
  class space    used 7231K, committed 7488K, reserved 1048576K
}
Event: 1153.856 GC heap before
{Heap before GC invocations=114 (full 102):
 garbage-first heap   total 109568K, used 32674K [0x00000000c0000000, 0x0000000100000000)
  region size 1024K, 1 young (1024K), 0 survivors (0K)
 Metaspace       used 58352K, committed 59072K, reserved 1114112K
  class space    used 7231K, committed 7488K, reserved 1048576K
}
Event: 1153.907 GC heap after
{Heap after GC invocations=115 (full 103):
 garbage-first heap   total 109568K, used 32674K [0x00000000c0000000, 0x0000000100000000)
  region size 1024K, 0 young (0K), 0 survivors (0K)
 Metaspace       used 58352K, committed 59072K, reserved 1114112K
  class space    used 7231K, committed 7488K, reserved 1048576K
}
Event: 1164.219 GC heap before
{Heap before GC invocations=115 (full 103):
 garbage-first heap   total 109568K, used 32674K [0x00000000c0000000, 0x0000000100000000)
  region size 1024K, 1 young (1024K), 0 survivors (0K)
 Metaspace       used 58352K, committed 59072K, reserved 1114112K
  class space    used 7231K, committed 7488K, reserved 1048576K
}
Event: 1164.263 GC heap after
{Heap after GC invocations=116 (full 104):
 garbage-first heap   total 109568K, used 32674K [0x00000000c0000000, 0x0000000100000000)
  region size 1024K, 0 young (0K), 0 survivors (0K)
 Metaspace       used 58352K, committed 59072K, reserved 1114112K
  class space    used 7231K, committed 7488K, reserved 1048576K
}
Event: 1214.696 GC heap before
{Heap before GC invocations=116 (full 104):
 garbage-first heap   total 109568K, used 38818K [0x00000000c0000000, 0x0000000100000000)
  region size 1024K, 7 young (7168K), 0 survivors (0K)
 Metaspace       used 58415K, committed 59072K, reserved 1114112K
  class space    used 7245K, committed 7488K, reserved 1048576K
}
Event: 1214.788 GC heap after
{Heap after GC invocations=117 (full 105):
 garbage-first heap   total 109568K, used 32633K [0x00000000c0000000, 0x0000000100000000)
  region size 1024K, 0 young (0K), 0 survivors (0K)
 Metaspace       used 58415K, committed 59072K, reserved 1114112K
  class space    used 7245K, committed 7488K, reserved 1048576K
}

